<?xml version="1.0" encoding="UTF-8"?>
<!-- Generated by org.testng.reporters.JUnitReportReporter -->
<testsuite hostname="Nancy-Emad" failures="0" tests="1" name="linkDev.Test.ScenarioOne" time="19.400" errors="0" timestamp="10 Oct 2021 01:35:33 GMT" skipped="0">
  <testcase classname="linkDev.Test.ScenarioOne" name="ScenarioOne" time="19.400"/>
</testsuite> <!-- linkDev.Test.ScenarioOne -->
