<?xml version="1.0" encoding="UTF-8"?>
<!-- Generated by org.testng.reporters.JUnitReportReporter -->
<testsuite hostname="Nancy-Emad" failures="0" tests="1" name="linkDev.Test.Login" time="14.466" errors="0" timestamp="02 Oct 2021 13:52:54 GMT" skipped="0">
  <testcase classname="linkDev.Test.Login" name="login" time="14.466"/>
</testsuite> <!-- linkDev.Test.Login -->
