<?xml version="1.0" encoding="UTF-8"?>
<!-- Generated by org.testng.reporters.JUnitReportReporter -->
<testsuite hostname="Nancy-Emad" failures="0" tests="1" name="linkDev.Test.ScenarioThree" time="58.034" errors="0" timestamp="10 Oct 2021 01:39:54 GMT" skipped="0">
  <testcase classname="linkDev.Test.ScenarioThree" name="ScenarioThree" time="58.034"/>
</testsuite> <!-- linkDev.Test.ScenarioThree -->
