<?xml version="1.0" encoding="UTF-8"?>
<!-- Generated by org.testng.reporters.JUnitReportReporter -->
<testsuite hostname="Nancy-Emad" failures="0" tests="1" name="linkDev.Test.ScenarioTwo" time="54.671" errors="0" timestamp="10 Oct 2021 01:37:51 GMT" skipped="0">
  <testcase classname="linkDev.Test.ScenarioTwo" name="ScenarioTwo" time="54.671"/>
</testsuite> <!-- linkDev.Test.ScenarioTwo -->
